This is pdfTeX, Version 3.1415926-2.3-1.40.12 (TeX Live 2011) (format=pdflatex 2011.9.21)  17 OCT 2011 15:03
entering extended mode
 restricted \write18 enabled.
 %&-line parsing enabled.
**hw7.tex
(./hw7.tex
LaTeX2e <2011/06/27>
Babel <v3.8m> and hyphenation patterns for english, dumylang, nohyphenation, ge
rman-x-2011-07-01, ngerman-x-2011-07-01, afrikaans, ancientgreek, ibycus, arabi
c, armenian, basque, bulgarian, catalan, pinyin, coptic, croatian, czech, danis
h, dutch, ukenglish, usenglishmax, esperanto, estonian, ethiopic, farsi, finnis
h, french, galician, german, ngerman, swissgerman, monogreek, greek, hungarian,
 icelandic, assamese, bengali, gujarati, hindi, kannada, malayalam, marathi, or
iya, panjabi, tamil, telugu, indonesian, interlingua, irish, italian, kurmanji,
 lao, latin, latvian, lithuanian, mongolian, mongolianlmc, bokmal, nynorsk, pol
ish, portuguese, romanian, russian, sanskrit, serbian, serbianc, slovak, sloven
ian, spanish, swedish, turkish, turkmen, ukrainian, uppersorbian, welsh, loaded
.
(/usr/local/texlive/2011/texmf-dist/tex/latex/aastex/aastex.cls
Document Class: aastex 2005/06/22 5.2/AAS markup document class
Class aastex Info: Original \LaTeX2.09 style by Chris Biemesderfer (chris@seago
at.com). Adapted to \LaTeXe by A. Ogawa (ogawa@teleport.com) on input line 83.
(/usr/local/texlive/2011/texmf-dist/tex/latex/base/article.cls
Document Class: article 2007/10/19 v1.4h Standard LaTeX document class
(/usr/local/texlive/2011/texmf-dist/tex/latex/base/size10.clo
File: size10.clo 2007/10/19 v1.4h Standard LaTeX file (size option)
)
\c@part=\count79
\c@section=\count80
\c@subsection=\count81
\c@subsubsection=\count82
\c@paragraph=\count83
\c@subparagraph=\count84
\c@figure=\count85
\c@table=\count86
\abovecaptionskip=\skip41
\belowcaptionskip=\skip42
\bibindent=\dimen102
)
(/usr/local/texlive/2011/texmf-dist/tex/latex/base/latexsym.sty
Package: latexsym 1998/08/17 v2.2e Standard LaTeX package (lasy symbols)
\symlasy=\mathgroup4
LaTeX Font Info:    Overwriting symbol font `lasy' in version `bold'
(Font)                  U/lasy/m/n --> U/lasy/b/n on input line 47.
)
(/usr/local/texlive/2011/texmf-dist/tex/latex/graphics/graphicx.sty
Package: graphicx 1999/02/16 v1.0f Enhanced LaTeX Graphics (DPC,SPQR)

(/usr/local/texlive/2011/texmf-dist/tex/latex/graphics/keyval.sty
Package: keyval 1999/03/16 v1.13 key=value parser (DPC)
\KV@toks@=\toks14
)
(/usr/local/texlive/2011/texmf-dist/tex/latex/graphics/graphics.sty
Package: graphics 2009/02/05 v1.0o Standard LaTeX Graphics (DPC,SPQR)

(/usr/local/texlive/2011/texmf-dist/tex/latex/graphics/trig.sty
Package: trig 1999/03/16 v1.09 sin cos tan (DPC)
)
(/usr/local/texlive/2011/texmf-dist/tex/latex/latexconfig/graphics.cfg
File: graphics.cfg 2010/04/23 v1.9 graphics configuration of TeX Live
)
Package graphics Info: Driver file: pdftex.def on input line 91.

(/usr/local/texlive/2011/texmf-dist/tex/latex/pdftex-def/pdftex.def
File: pdftex.def 2011/05/27 v0.06d Graphics/color for pdfTeX

(/usr/local/texlive/2011/texmf-dist/tex/generic/oberdiek/infwarerr.sty
Package: infwarerr 2010/04/08 v1.3 Providing info/warning/message (HO)
)
(/usr/local/texlive/2011/texmf-dist/tex/generic/oberdiek/ltxcmds.sty
Package: ltxcmds 2011/04/18 v1.20 LaTeX kernel commands for general use (HO)
)
\Gread@gobject=\count87
))
\Gin@req@height=\dimen103
\Gin@req@width=\dimen104
)
(/usr/local/texlive/2011/texmf-dist/tex/latex/amsfonts/amssymb.sty
Package: amssymb 2009/06/22 v3.00

(/usr/local/texlive/2011/texmf-dist/tex/latex/amsfonts/amsfonts.sty
Package: amsfonts 2009/06/22 v3.00 Basic AMSFonts support
\@emptytoks=\toks15
\symAMSa=\mathgroup5
\symAMSb=\mathgroup6
LaTeX Font Info:    Overwriting math alphabet `\mathfrak' in version `bold'
(Font)                  U/euf/m/n --> U/euf/b/n on input line 96.
))
(/usr/local/texlive/2011/texmf-dist/tex/latex/natbib/natbib.sty
Package: natbib 2010/09/13 8.31b (PWD, AO)
\bibhang=\skip43
\bibsep=\skip44
LaTeX Info: Redefining \cite on input line 694.
\c@NAT@ctr=\count88
)
(/usr/local/texlive/2011/texmf-dist/tex/latex/tools/verbatim.sty
Package: verbatim 2003/08/22 v1.5q LaTeX2e package for verbatim enhancements
\every@verbatim=\toks16
\verbatim@line=\toks17
\verbatim@in@stream=\read1
)
\@slugcmmntwidth=\dimen105
\abstract@box=\box26
\c@editornote=\count89
\c@cureqno=\count90
\tnotemarkskip=\skip45
\@abovenoteskip=\dimen106
\pt@box=\box27
\pt@width=\dimen107
\pt@line=\count91
\pt@column=\count92
\pt@nlines=\count93
\pt@ncol=\count94
\pt@page=\count95
\tabbaseskip=\dimen108
\pt@tmpcapwidth=\dimen109
\spew@tblnotesbox=\box28
\restof@tblnotesbox=\box29
\noteheight=\dimen110
\pt@tabnoteminht=\dimen111
\firsttabskip=\dimen112
\captionbox=\box30
\pt@reduceline=\dimen113
\extra@vspace=\dimen114
\c@plate=\count96
\my@footins=\box31
)
(/usr/local/texlive/2011/texmf-dist/tex/latex/base/inputenc.sty
Package: inputenc 2008/03/30 v1.1d Input encoding file
\inpenc@prehook=\toks18
\inpenc@posthook=\toks19

(/usr/local/texlive/2011/texmf-dist/tex/latex/base/latin1.def
File: latin1.def 2008/03/30 v1.1d Input encoding file
))
(/usr/local/texlive/2011/texmf-dist/tex/latex/amsmath/amsmath.sty
Package: amsmath 2000/07/18 v2.13 AMS math features
\@mathmargin=\skip46

For additional information on amsmath, use the `?' option.
(/usr/local/texlive/2011/texmf-dist/tex/latex/amsmath/amstext.sty
Package: amstext 2000/06/29 v2.01

(/usr/local/texlive/2011/texmf-dist/tex/latex/amsmath/amsgen.sty
File: amsgen.sty 1999/11/30 v2.0
\@emptytoks=\toks20
\ex@=\dimen115
))
(/usr/local/texlive/2011/texmf-dist/tex/latex/amsmath/amsbsy.sty
Package: amsbsy 1999/11/29 v1.2d
\pmbraise@=\dimen116
)
(/usr/local/texlive/2011/texmf-dist/tex/latex/amsmath/amsopn.sty
Package: amsopn 1999/12/14 v2.01 operator names
)
\inf@bad=\count97
LaTeX Info: Redefining \frac on input line 211.
\uproot@=\count98
\leftroot@=\count99
LaTeX Info: Redefining \overline on input line 307.
\classnum@=\count100
\DOTSCASE@=\count101
LaTeX Info: Redefining \ldots on input line 379.
LaTeX Info: Redefining \dots on input line 382.
LaTeX Info: Redefining \cdots on input line 467.
\Mathstrutbox@=\box32
\strutbox@=\box33
\big@size=\dimen117
LaTeX Font Info:    Redeclaring font encoding OML on input line 567.
LaTeX Font Info:    Redeclaring font encoding OMS on input line 568.
\macc@depth=\count102
\c@MaxMatrixCols=\count103
\dotsspace@=\muskip10
\c@parentequation=\count104
\dspbrk@lvl=\count105
\tag@help=\toks21
\row@=\count106
\column@=\count107
\maxfields@=\count108
\andhelp@=\toks22
\eqnshift@=\dimen118
\alignsep@=\dimen119
\tagshift@=\dimen120
\tagwidth@=\dimen121
\totwidth@=\dimen122
\lineht@=\dimen123
\@envbody=\toks23
\multlinegap=\skip47
\multlinetaggap=\skip48
\mathdisplay@stack=\toks24
LaTeX Info: Redefining \[ on input line 2666.
LaTeX Info: Redefining \] on input line 2667.
)
(/usr/local/texlive/2011/texmf-dist/tex/latex/mh/mathtools.sty
Package: mathtools 2011/04/06 v1.11 mathematical typesetting tools

(/usr/local/texlive/2011/texmf-dist/tex/latex/tools/calc.sty
Package: calc 2007/08/22 v4.3 Infix arithmetic (KKT,FJ)
\calc@Acount=\count109
\calc@Bcount=\count110
\calc@Adimen=\dimen124
\calc@Bdimen=\dimen125
\calc@Askip=\skip49
\calc@Bskip=\skip50
LaTeX Info: Redefining \setlength on input line 76.
LaTeX Info: Redefining \addtolength on input line 77.
\calc@Ccount=\count111
\calc@Cskip=\skip51
)
(/usr/local/texlive/2011/texmf-dist/tex/latex/mh/mhsetup.sty
Package: mhsetup 2010/01/21 v1.2a programming setup (MH)
)
\g_MT_multlinerow_int=\count112
\l_MT_multwidth_dim=\dimen126
\origjot=\skip52
\l_MT_shortvdotswithinadjustabove_dim=\dimen127
\l_MT_shortvdotswithinadjustbelow_dim=\dimen128
)
(/usr/local/texlive/2011/texmf-dist/tex/latex/preprint/fullpage.sty
Package: fullpage 1999/02/23 1.1 (PWD)
\FP@margin=\skip53
)

LaTeX Warning: Unused global option(s):
    [letter].

(./hw7.aux)
\openout1 = `hw7.aux'.

LaTeX Font Info:    Checking defaults for OML/cmm/m/it on input line 13.
LaTeX Font Info:    ... okay on input line 13.
LaTeX Font Info:    Checking defaults for T1/cmr/m/n on input line 13.
LaTeX Font Info:    ... okay on input line 13.
LaTeX Font Info:    Checking defaults for OT1/cmr/m/n on input line 13.
LaTeX Font Info:    ... okay on input line 13.
LaTeX Font Info:    Checking defaults for OMS/cmsy/m/n on input line 13.
LaTeX Font Info:    ... okay on input line 13.
LaTeX Font Info:    Checking defaults for OMX/cmex/m/n on input line 13.
LaTeX Font Info:    ... okay on input line 13.
LaTeX Font Info:    Checking defaults for U/cmr/m/n on input line 13.
LaTeX Font Info:    ... okay on input line 13.
 (/usr/local/texlive/2011/texmf-dist/tex/context/base/supp-pdf.mkii
[Loading MPS to PDF converter (version 2006.09.02).]
\scratchcounter=\count113
\scratchdimen=\dimen129
\scratchbox=\box34
\nofMPsegments=\count114
\nofMParguments=\count115
\everyMPshowfont=\toks25
\MPscratchCnt=\count116
\MPscratchDim=\dimen130
\MPnumerator=\count117
\makeMPintoPDFobject=\count118
\everyMPtoPDFconversion=\toks26
) (/usr/local/texlive/2011/texmf-dist/tex/generic/oberdiek/pdftexcmds.sty
Package: pdftexcmds 2011/04/22 v0.16 Utilities of pdfTeX for LuaTeX (HO)

(/usr/local/texlive/2011/texmf-dist/tex/generic/oberdiek/ifluatex.sty
Package: ifluatex 2010/03/01 v1.3 Provides the ifluatex switch (HO)
Package ifluatex Info: LuaTeX not detected.
)
(/usr/local/texlive/2011/texmf-dist/tex/generic/oberdiek/ifpdf.sty
Package: ifpdf 2011/01/30 v2.3 Provides the ifpdf switch (HO)
Package ifpdf Info: pdfTeX in PDF mode is detected.
)
Package pdftexcmds Info: LuaTeX not detected.
Package pdftexcmds Info: \pdf@primitive is available.
Package pdftexcmds Info: \pdf@ifprimitive is available.
Package pdftexcmds Info: \pdfdraftmode found.
)
(/usr/local/texlive/2011/texmf-dist/tex/latex/oberdiek/epstopdf-base.sty
Package: epstopdf-base 2010/02/09 v2.5 Base part for package epstopdf

(/usr/local/texlive/2011/texmf-dist/tex/latex/oberdiek/grfext.sty
Package: grfext 2010/08/19 v1.1 Managing graphics extensions (HO)

(/usr/local/texlive/2011/texmf-dist/tex/generic/oberdiek/kvdefinekeys.sty
Package: kvdefinekeys 2011/04/07 v1.3 Defining keys (HO)
))
(/usr/local/texlive/2011/texmf-dist/tex/latex/oberdiek/kvoptions.sty
Package: kvoptions 2010/12/23 v3.10 Keyval support for LaTeX options (HO)

(/usr/local/texlive/2011/texmf-dist/tex/generic/oberdiek/kvsetkeys.sty
Package: kvsetkeys 2011/04/07 v1.13 Key value parser (HO)

(/usr/local/texlive/2011/texmf-dist/tex/generic/oberdiek/etexcmds.sty
Package: etexcmds 2011/02/16 v1.5 Prefix for e-TeX command names (HO)
Package etexcmds Info: Could not find \expanded.
(etexcmds)             That can mean that you are not using pdfTeX 1.50 or
(etexcmds)             that some package has redefined \expanded.
(etexcmds)             In the latter case, load this package earlier.
)))
Package grfext Info: Graphics extension search list:
(grfext)             [.png,.pdf,.jpg,.mps,.jpeg,.jbig2,.jb2,.PNG,.PDF,.JPG,.JPE
G,.JBIG2,.JB2,.eps]
(grfext)             \AppendGraphicsExtensions on input line 452.

(/usr/local/texlive/2011/texmf-dist/tex/latex/latexconfig/epstopdf-sys.cfg
File: epstopdf-sys.cfg 2010/07/13 v1.3 Configuration of (r)epstopdf for TeX Liv
e
))
AAS preprint substyle, v5.2 <12 Dec 2003>.
LaTeX Font Info:    Try loading font information for U+lasy on input line 21.
(/usr/local/texlive/2011/texmf-dist/tex/latex/base/ulasy.fd
File: ulasy.fd 1998/08/17 v2.2e LaTeX symbol font definitions
)
LaTeX Font Info:    Try loading font information for U+msa on input line 21.

(/usr/local/texlive/2011/texmf-dist/tex/latex/amsfonts/umsa.fd
File: umsa.fd 2009/06/22 v3.00 AMS symbols A
)
LaTeX Font Info:    Try loading font information for U+msb on input line 21.

(/usr/local/texlive/2011/texmf-dist/tex/latex/amsfonts/umsb.fd
File: umsb.fd 2009/06/22 v3.00 AMS symbols B
)
Underfull \hbox (badness 10000) in paragraph at lines 27--28

 []

! Double superscript.
<argument> T'_{7}^
                  {2/3}
l.60 \end{align}
                
I treat `x^1^2' essentially like `x^1{}^2'.

! Double superscript.
<argument> ... _cX^2}{T'_{7}^{2/3}} e^{-15.7 T'_7^
                                                  {-1/3}} M_\odot \\ \Aboxed...
l.60 \end{align}
                
I treat `x^1^2' essentially like `x^1{}^2'.

! Double superscript.
<argument> T'_{7}^
                  {2/3}
l.60 \end{align}
                
I treat `x^1^2' essentially like `x^1{}^2'.

! Double superscript.
<argument> ... _cX^2}{T'_{7}^{2/3}} e^{-15.7 T'_7^
                                                  {-1/3}} M_\odot \\ \Aboxed...
l.60 \end{align}
                
I treat `x^1^2' essentially like `x^1{}^2'.

[1

{/usr/local/texlive/2011/texmf-var/fonts/map/pdftex/updmap/pdftex.map}]
[2] [3]
Underfull \hbox (badness 10000) in paragraph at lines 135--136

 []

[4] [5] [6] [7] [8] [9] [10] [11] [12] (./hw7.aux) ) 
Here is how much of TeX's memory you used:
 3798 strings out of 493629
 50441 string characters out of 3143323
 124022 words of memory out of 3000000
 7046 multiletter control sequences out of 15000+200000
 6262 words of font info for 27 fonts, out of 3000000 for 9000
 831 hyphenation exceptions out of 8191
 38i,13n,26p,305b,139s stack positions out of 5000i,500n,10000p,200000b,50000s
</usr/local/texlive/2011/te
xmf-dist/fonts/type1/public/amsfonts/cm/cmbx12.pfb></usr/local/texlive/2011/tex
mf-dist/fonts/type1/public/amsfonts/cm/cmex10.pfb></usr/local/texlive/2011/texm
f-dist/fonts/type1/public/amsfonts/cm/cmmi10.pfb></usr/local/texlive/2011/texmf
-dist/fonts/type1/public/amsfonts/cm/cmmi5.pfb></usr/local/texlive/2011/texmf-d
ist/fonts/type1/public/amsfonts/cm/cmmi7.pfb></usr/local/texlive/2011/texmf-dis
t/fonts/type1/public/amsfonts/cm/cmr10.pfb></usr/local/texlive/2011/texmf-dist/
fonts/type1/public/amsfonts/cm/cmr12.pfb></usr/local/texlive/2011/texmf-dist/fo
nts/type1/public/amsfonts/cm/cmr5.pfb></usr/local/texlive/2011/texmf-dist/fonts
/type1/public/amsfonts/cm/cmr7.pfb></usr/local/texlive/2011/texmf-dist/fonts/ty
pe1/public/amsfonts/cm/cmsy10.pfb></usr/local/texlive/2011/texmf-dist/fonts/typ
e1/public/amsfonts/cm/cmsy5.pfb></usr/local/texlive/2011/texmf-dist/fonts/type1
/public/amsfonts/cm/cmsy7.pfb></usr/local/texlive/2011/texmf-dist/fonts/type1/p
ublic/amsfonts/symbols/msam10.pfb>
Output written on hw7.pdf (12 pages, 152270 bytes).
PDF statistics:
 95 PDF objects out of 1000 (max. 8388607)
 67 compressed objects within 1 object stream
 0 named destinations out of 1000 (max. 500000)
 1 words of extra memory for PDF output out of 10000 (max. 10000000)

